Arguments: 
  C:\Program Files\nodejs\node.exe C:\Program Files (x86)\Yarn\bin\yarn.js init -t

PATH: 
  C:\Python310\Scripts\;C:\Python310\;C:\Windows\system32;C:\Windows;C:\Windows\System32\Wbem;C:\Windows\System32\WindowsPowerShell\v1.0\;C:\Windows\System32\OpenSSH\;C:\ProgramData\chocolatey\bin;C:\Program Files (x86)\Yarn\bin\;C:\Program Files\Git\cmd;C:\xampp\php;C:\composer;C:\Program Files\PuTTY\;C:\Program Files\Docker\Docker\resources\bin;C:\ProgramData\DockerDesktop\version-bin;C:\Program Files\nodejs\;C:\Program Files\OpenJDK\openjdk-11.0.13_8\bin;C:\Users\zkyou\AppData\Local\Programs\Python\Python39\Scripts\;C:\Users\zkyou\AppData\Local\Programs\Python\Python39\;C:\Users\zkyou\AppData\Local\Programs\AdoptOpenJDK\jdk-11.0.11.9-hotspot\bin;C:\Users\zkyou\AppData\Local\Microsoft\WindowsApps;C:\Users\zkyou\AppData\Local\Programs\Microsoft VS Code\bin;C:\Users\zkyou\AppData\Local\GitHubDesktop\bin;C:\Users\zkyou\AppData\Local\Yarn\bin;C:\Program Files\heroku\bin;C:\Users\zkyou\AppData\Roaming\Composer\vendor\bin;C:\Users\zkyou\AppData\Local\hyper\app-3.0.2\resources\bin;C:\Users\zkyou\AppData\Local\nvs\;C:\Users\zkyou\AppData\Roaming\npm;C:\Android\Sdk\emulator;C:\Android\Sdk\tools;C:\Android\Sdk\tools\bin;C:\Android\Sdk\platform-tools;C:\Users\zkyou\AppData\Local\Yarn\bin;

Yarn version: 
  1.22.5

Node version: 
  16.13.0

Platform: 
  win32 x64

Trace: 
  Error: canceled
      at Interface.<anonymous> (C:\Program Files (x86)\Yarn\lib\cli.js:137009:13)
      at Interface.emit (node:events:390:28)
      at Interface._ttyWrite (node:readline:1081:16)
      at ReadStream.onkeypress (node:readline:288:10)
      at ReadStream.emit (node:events:390:28)
      at emitKeys (node:internal/readline/utils:358:14)
      at emitKeys.next (<anonymous>)
      at ReadStream.onData (node:internal/readline/emitKeypressEvents:61:36)
      at ReadStream.emit (node:events:390:28)
      at addChunk (node:internal/streams/readable:315:12)

npm manifest: 
  No manifest

yarn manifest: 
  No manifest

Lockfile: 
  No lockfile
